<?xml version="1.0" encoding="UTF-8"?>
<!-- Generated by org.testng.reporters.JUnitReportReporter -->
<testsuite skipped="0" hostname="LAPTOP-44GLPPMV" name="testCases.LoginPageTest" tests="2" failures="0" timestamp="2020-08-18T17:50:36 EDT" time="28.825" errors="0">
  <testcase name="loginApp" time="13.900" classname="testCases.LoginPageTest"/>
  <system-out/>
  <testcase name="verifyLoginPageTitle" time="14.925" classname="testCases.LoginPageTest"/>
  <system-out/>
</testsuite> <!-- testCases.LoginPageTest -->
