<?xml version="1.0" encoding="UTF-8"?>
<!-- Generated by org.testng.reporters.JUnitReportReporter -->
<testsuite skipped="0" hostname="LAPTOP-44GLPPMV" name="testCases.LoginPageTest" tests="2" failures="0" timestamp="2020-08-18T18:11:12 EDT" time="45.409" errors="0">
  <testcase name="loginApp" time="17.022" classname="testCases.LoginPageTest"/>
  <system-out/>
  <testcase name="verifyLoginPageTitle" time="28.387" classname="testCases.LoginPageTest"/>
  <system-out/>
</testsuite> <!-- testCases.LoginPageTest -->
