<?xml version="1.0" encoding="UTF-8"?>
<!-- Generated by org.testng.reporters.JUnitReportReporter -->
<testsuite skipped="0" hostname="LAPTOP-44GLPPMV" name="testCases.LoginPageTest" tests="1" failures="0" timestamp="2020-08-24T12:39:53 EDT" time="1.117" errors="0">
  <testcase name="loginApp" time="1.117" classname="testCases.LoginPageTest"/>
  <system-out/>
</testsuite> <!-- testCases.LoginPageTest -->
