<?xml version="1.0" encoding="UTF-8"?>
<!-- Generated by org.testng.reporters.JUnitReportReporter -->
<testsuite skipped="0" hostname="LAPTOP-44GLPPMV" name="testCases.LoginPageTest" tests="2" failures="0" timestamp="2020-08-18T18:19:37 EDT" time="28.997" errors="0">
  <testcase name="verifyLoginPageTitle" time="15.880" classname="testCases.LoginPageTest"/>
  <system-out/>
  <testcase name="loginApp" time="13.117" classname="testCases.LoginPageTest"/>
  <system-out/>
</testsuite> <!-- testCases.LoginPageTest -->
