<?xml version="1.0" encoding="UTF-8"?>
<!-- Generated by org.testng.reporters.JUnitReportReporter -->
<testsuite skipped="0" hostname="LAPTOP-44GLPPMV" name="testCases.LoginPageTest" tests="2" failures="0" timestamp="2020-08-18T18:37:54 EDT" time="23.050" errors="0">
  <testcase name="verifyLoginPageTitle" time="11.616" classname="testCases.LoginPageTest"/>
  <system-out/>
  <testcase name="loginApp" time="11.434" classname="testCases.LoginPageTest"/>
  <system-out/>
</testsuite> <!-- testCases.LoginPageTest -->
